<?xml version="1.0" encoding="UTF-8"?>
<!-- Generated by org.testng.reporters.JUnitReportReporter -->
<testsuite skipped="0" hostname="KIBWBWZKP4" name="MYSQLConnect.Sqlconnect" tests="1" failures="0" timestamp="14 Jun 2019 17:32:04 GMT" time="2.049" errors="0">
  <testcase name="testdb" time="2.049" classname="MYSQLConnect.Sqlconnect"/>
</testsuite> <!-- MYSQLConnect.Sqlconnect -->
